#
# There is insufficient memory for the Java Runtime Environment to continue.
# Native memory allocation (mmap) failed to map 264241152 bytes. Error detail: G1 virtual space
# Possible reasons:
#   The system is out of physical RAM or swap space
#   This process is running with CompressedOops enabled, and the Java Heap may be blocking the growth of the native heap
# Possible solutions:
#   Reduce memory load on the system
#   Increase physical memory or swap space
#   Check if swap backing store is full
#   Decrease Java heap size (-Xmx/-Xms)
#   Decrease number of Java threads
#   Decrease Java thread stack sizes (-Xss)
#   Set larger code cache with -XX:ReservedCodeCacheSize=
#   JVM is running with Zero Based Compressed Oops mode in which the Java heap is
#     placed in the first 32GB address space. The Java Heap base address is the
#     maximum limit for the native heap growth. Please use -XX:HeapBaseMinAddress
#     to set the Java Heap base and to place the Java Heap above 32GB virtual address.
# This output file may be truncated or incomplete.
#
#  Out of Memory Error (os_windows.cpp:3828), pid=27396, tid=33356
#
# JRE version:  (21.0.5+8) (build )
# Java VM: OpenJDK 64-Bit Server VM (21.0.5+8-b631.16, mixed mode, sharing, tiered, compressed oops, compressed class ptrs, g1 gc, windows-amd64)
# No core dump will be written. Minidumps are not enabled by default on client versions of Windows
#

---------------  S U M M A R Y ------------

Command Line: git4idea.http.GitAskPassApp Username for 'https://github.com': 

Host: 11th Gen Intel(R) Core(TM) i9-11900H @ 2.50GHz, 16 cores, 15G,  Windows 11 , 64 bit Build 26100 (10.0.26100.4202)
Time: Sun Jun 15 10:49:01 2025 Hora de verano romance elapsed time: 1.179907 seconds (0d 0h 0m 1s)

---------------  T H R E A D  ---------------

Current thread (0x0000017232033d80):  JavaThread "Unknown thread" [_thread_in_vm, id=33356, stack(0x000000250a900000,0x000000250aa00000) (1024K)]

Stack: [0x000000250a900000,0x000000250aa00000]
Native frames: (J=compiled Java code, j=interpreted, Vv=VM code, C=native code)
V  [jvm.dll+0x6e52b9]
V  [jvm.dll+0x8c3633]
V  [jvm.dll+0x8c5b8e]
V  [jvm.dll+0x8c6273]
V  [jvm.dll+0x288f46]
V  [jvm.dll+0x6e1a35]
V  [jvm.dll+0x6d5e3a]
V  [jvm.dll+0x3634bb]
V  [jvm.dll+0x36b086]
V  [jvm.dll+0x3bd346]
V  [jvm.dll+0x3bd618]
V  [jvm.dll+0x335c2c]
V  [jvm.dll+0x33691b]
V  [jvm.dll+0x88aa89]
V  [jvm.dll+0x3ca518]
V  [jvm.dll+0x873b98]
V  [jvm.dll+0x45eede]
V  [jvm.dll+0x460bc1]
C  [jli.dll+0x52ab]
C  [ucrtbase.dll+0x37b0]
C  [KERNEL32.DLL+0x2e8d7]
C  [ntdll.dll+0x3c34c]


---------------  P R O C E S S  ---------------

Threads class SMR info:
_java_thread_list=0x00007ffcc41aa148, length=0, elements={
}

Java Threads: ( => current thread )
Total: 0

Other Threads:
  0x00000172344377a0 WorkerThread "GC Thread#0"                     [id=60192, stack(0x000000250aa00000,0x000000250ab00000) (1024K)]
  0x0000017234449190 ConcurrentGCThread "G1 Main Marker"            [id=24824, stack(0x000000250ab00000,0x000000250ac00000) (1024K)]
  0x000001723444a430 WorkerThread "G1 Conc#0"                       [id=60752, stack(0x000000250ac00000,0x000000250ad00000) (1024K)]

[error occurred during error reporting (printing all threads), id 0xc0000005, EXCEPTION_ACCESS_VIOLATION (0xc0000005) at pc=0x00007ffcc3898ce7]
VM state: not at safepoint (not fully initialized)

VM Mutex/Monitor currently owned by a thread:  ([mutex/lock_event])
[0x00007ffcc421eb30] Heap_lock - owner thread: 0x0000017232033d80

Heap address: 0x0000000704600000, size: 4026 MB, Compressed Oops mode: Zero based, Oop shift amount: 3

CDS archive(s) mapped at: [0x0000000000000000-0x0000000000000000-0x0000000000000000), size 0, SharedBaseAddress: 0x0000000800000000, ArchiveRelocationMode: 1.
Narrow klass base: 0x0000000000000000, Narrow klass shift: 0, Narrow klass range: 0x0

GC Precious Log:
 CardTable entry size: 512
 Card Set container configuration: InlinePtr #cards 4 size 8 Array Of Cards #cards 16 size 48 Howl #buckets 8 coarsen threshold 3686 Howl Bitmap #cards 512 size 80 coarsen threshold 460 Card regions per heap region 1 cards per card region 4096

Heap:
 garbage-first heap   total 0K, used 0K [0x0000000704600000, 0x0000000800000000)
  region size 2048K, 0 young (0K), 0 survivors (0K)
 Metaspace       used 0K, committed 0K, reserved 0K
  class space    used 0K, committed 0K, reserved 0K

Heap Regions: E=young(eden), S=young(survivor), O=old, HS=humongous(starts), HC=humongous(continues), CS=collection set, F=free, TAMS=top-at-mark-start, PB=parsable bottom

Card table byte_map: [0x00000172483c0000,0x0000017248ba0000] _byte_map_base: 0x0000017244b9d000

Marking Bits: (CMBitMap*) 0x0000017234437ea0
 Bits: [0x0000017248ba0000, 0x000001724ca88000)

GC Heap History (0 events):
No events

Dll operation events (1 events):
Event: 0.007 Loaded shared library C:\Program Files\JetBrains\PyCharm 2023.1.2\jbr\bin\java.dll

Deoptimization events (0 events):
No events

Classes loaded (0 events):
No events

Classes unloaded (0 events):
No events

Classes redefined (0 events):
No events

Internal exceptions (0 events):
No events

ZGC Phase Switch (0 events):
No events

VM Operations (0 events):
No events

Memory protections (0 events):
No events

Nmethod flushes (0 events):
No events

Events (0 events):
No events


Dynamic libraries:
0x00007ff7fc170000 - 0x00007ff7fc17a000 	C:\Program Files\JetBrains\PyCharm 2023.1.2\jbr\bin\java.exe
0x00007ffd9b7e0000 - 0x00007ffd9ba45000 	C:\WINDOWS\SYSTEM32\ntdll.dll
0x00007ffd9a220000 - 0x00007ffd9a2e9000 	C:\WINDOWS\System32\KERNEL32.DLL
0x00007ffd98930000 - 0x00007ffd98d18000 	C:\WINDOWS\System32\KERNELBASE.dll
0x00007ffd99430000 - 0x00007ffd9957b000 	C:\WINDOWS\System32\ucrtbase.dll
0x00007ffd5fb10000 - 0x00007ffd5fb2b000 	C:\Program Files\JetBrains\PyCharm 2023.1.2\jbr\bin\VCRUNTIME140.dll
0x00007ffd80460000 - 0x00007ffd80478000 	C:\Program Files\JetBrains\PyCharm 2023.1.2\jbr\bin\jli.dll
0x00007ffd9a650000 - 0x00007ffd9a81a000 	C:\WINDOWS\System32\USER32.dll
0x00007ffd98f60000 - 0x00007ffd98f87000 	C:\WINDOWS\System32\win32u.dll
0x00007ffd997f0000 - 0x00007ffd9981b000 	C:\WINDOWS\System32\GDI32.dll
0x00007ffd992f0000 - 0x00007ffd99427000 	C:\WINDOWS\System32\gdi32full.dll
0x00007ffd721c0000 - 0x00007ffd7245a000 	C:\WINDOWS\WinSxS\amd64_microsoft.windows.common-controls_6595b64144ccf1df_6.0.26100.4202_none_3e0698d4e335f517\COMCTL32.dll
0x00007ffd98f90000 - 0x00007ffd99033000 	C:\WINDOWS\System32\msvcp_win.dll
0x00007ffd9b640000 - 0x00007ffd9b6e9000 	C:\WINDOWS\System32\msvcrt.dll
0x00007ffd99840000 - 0x00007ffd99870000 	C:\WINDOWS\System32\IMM32.DLL
0x00007ffd6b980000 - 0x00007ffd6b98c000 	C:\Program Files\JetBrains\PyCharm 2023.1.2\jbr\bin\vcruntime140_1.dll
0x00007ffd3dad0000 - 0x00007ffd3db5d000 	C:\Program Files\JetBrains\PyCharm 2023.1.2\jbr\bin\msvcp140.dll
0x00007ffcc3550000 - 0x00007ffcc4311000 	C:\Program Files\JetBrains\PyCharm 2023.1.2\jbr\bin\server\jvm.dll
0x00007ffd99880000 - 0x00007ffd99933000 	C:\WINDOWS\System32\ADVAPI32.dll
0x00007ffd996b0000 - 0x00007ffd99756000 	C:\WINDOWS\System32\sechost.dll
0x00007ffd9a2f0000 - 0x00007ffd9a405000 	C:\WINDOWS\System32\RPCRT4.dll
0x00007ffd9a5d0000 - 0x00007ffd9a644000 	C:\WINDOWS\System32\WS2_32.dll
0x00007ffd987a0000 - 0x00007ffd987fe000 	C:\WINDOWS\SYSTEM32\POWRPROF.dll
0x00007ffd8bb30000 - 0x00007ffd8bb3b000 	C:\WINDOWS\SYSTEM32\VERSION.dll
0x00007ffd925c0000 - 0x00007ffd925f5000 	C:\WINDOWS\SYSTEM32\WINMM.dll
0x00007ffd98780000 - 0x00007ffd98794000 	C:\WINDOWS\SYSTEM32\UMPDC.dll
0x00007ffd976f0000 - 0x00007ffd9770b000 	C:\WINDOWS\SYSTEM32\kernel.appcore.dll
0x00007ffd60530000 - 0x00007ffd6053a000 	C:\Program Files\JetBrains\PyCharm 2023.1.2\jbr\bin\jimage.dll
0x00007ffd961d0000 - 0x00007ffd96411000 	C:\WINDOWS\SYSTEM32\DBGHELP.DLL
0x00007ffd9b1c0000 - 0x00007ffd9b545000 	C:\WINDOWS\System32\combase.dll
0x00007ffd9b550000 - 0x00007ffd9b631000 	C:\WINDOWS\System32\OLEAUT32.dll
0x00007ffd92640000 - 0x00007ffd92679000 	C:\WINDOWS\SYSTEM32\dbgcore.DLL
0x00007ffd99040000 - 0x00007ffd990d9000 	C:\WINDOWS\System32\bcryptPrimitives.dll
0x00007ffd58900000 - 0x00007ffd58920000 	C:\Program Files\JetBrains\PyCharm 2023.1.2\jbr\bin\java.dll

dbghelp: loaded successfully - version: 4.0.5 - missing functions: none
symbol engine: initialized successfully - sym options: 0x614 - pdb path: .;C:\Program Files\JetBrains\PyCharm 2023.1.2\jbr\bin;C:\WINDOWS\SYSTEM32;C:\WINDOWS\WinSxS\amd64_microsoft.windows.common-controls_6595b64144ccf1df_6.0.26100.4202_none_3e0698d4e335f517;C:\Program Files\JetBrains\PyCharm 2023.1.2\jbr\bin\server

VM Arguments:
java_command: git4idea.http.GitAskPassApp Username for 'https://github.com': 
java_class_path (initial): C:/Program Files/JetBrains/PyCharm 2023.1.2/plugins/vcs-git/lib/git4idea-rt.jar;C:/Program Files/JetBrains/PyCharm 2023.1.2/lib/externalProcess-rt.jar
Launcher Type: SUN_STANDARD

[Global flags]
     intx CICompilerCount                          = 12                                        {product} {ergonomic}
     uint ConcGCThreads                            = 3                                         {product} {ergonomic}
     uint G1ConcRefinementThreads                  = 13                                        {product} {ergonomic}
   size_t G1HeapRegionSize                         = 2097152                                   {product} {ergonomic}
    uintx GCDrainStackTargetSize                   = 64                                        {product} {ergonomic}
   size_t InitialHeapSize                          = 264241152                                 {product} {ergonomic}
   size_t MarkStackSize                            = 4194304                                   {product} {ergonomic}
   size_t MaxHeapSize                              = 4221566976                                {product} {ergonomic}
   size_t MinHeapDeltaBytes                        = 2097152                                   {product} {ergonomic}
   size_t MinHeapSize                              = 8388608                                   {product} {ergonomic}
    uintx NonNMethodCodeHeapSize                   = 7602480                                {pd product} {ergonomic}
    uintx NonProfiledCodeHeapSize                  = 122027880                              {pd product} {ergonomic}
    uintx ProfiledCodeHeapSize                     = 122027880                              {pd product} {ergonomic}
    uintx ReservedCodeCacheSize                    = 251658240                              {pd product} {ergonomic}
     bool SegmentedCodeCache                       = true                                      {product} {ergonomic}
   size_t SoftMaxHeapSize                          = 4221566976                             {manageable} {ergonomic}
     bool UseCompressedOops                        = true                           {product lp64_product} {ergonomic}
     bool UseG1GC                                  = true                                      {product} {ergonomic}
     bool UseLargePagesIndividualAllocation        = false                                  {pd product} {ergonomic}

Logging:
Log output configuration:
 #0: stdout all=warning uptime,level,tags foldmultilines=false
 #1: stderr all=off uptime,level,tags foldmultilines=false

Environment Variables:
PATH=C:/Program Files/Git/mingw64/libexec/git-core;C:/Program Files/Git/mingw64/libexec/git-core;C:\Program Files\Git\mingw64\bin;C:\Program Files\Git\usr\bin;C:\Users\jgall\bin;C:\Users\jgall\ProgramFiles\anaconda3\envs\GNN;C:\Users\jgall\ProgramFiles\anaconda3\envs\GNN\Library\mingw-w64\bin;C:\Users\jgall\ProgramFiles\anaconda3\envs\GNN\Library\usr\bin;C:\Users\jgall\ProgramFiles\anaconda3\envs\GNN\Library\bin;C:\Users\jgall\ProgramFiles\anaconda3\envs\GNN\Scripts;C:\Users\jgall\ProgramFiles\anaconda3\envs\GNN\bin;C:\Users\jgall\ProgramFiles\anaconda3\condabin;C:\Program Files\NVIDIA GPU Computing Toolkit\CUDA\v12.1\bin;C:\Program Files\NVIDIA GPU Computing Toolkit\CUDA\v12.1\libnvvp;C:\Windows\system32;C:\Windows;C:\Windows\System32\Wbem;C:\Windows\System32\WindowsPowerShell\v1.0;C:\Windows\System32\OpenSSH;C:\Program Files (x86)\NVIDIA Corporation\PhysX\Common;C:\Program Files\NVIDIA Corporation\NVIDIA NvDLISR;C:\Program Files\MATLAB\R2021b\bin;C:\Program Files (x86)\Calibre2;C:\Program Files\dotnet;C:\WINDOWS\system32;C:\WINDOWS;C:\WINDOWS\System32\Wbem;C:\WINDOWS\System32\WindowsPowerShell\v1.0;C:\WINDOWS\System32\OpenSSH;C:\Program Files\Microsoft SQL Server\150\Tools\Binn;C:\Program Files\Microsoft SQL Server\Client SDK\ODBC\170\Tools\Binn;C:\Program Files\NVIDIA Corporation\Nsight Compute 2023.1.1;C:\ProgramData\anaconda3\python.exe;C:\Users\jgall\AppData\Local\Programs\Python\Python311\python.exe;C:\Program Files\TortoiseSVN\bin;C:\Program Files\Git\cmd;C:\Program Files\NVIDIA GPU Computing Toolkit\CUDA\v12.1\bin;C:\Program Files\NVIDIA GPU Computing Toolkit\CUDA\v12.1\libnvvp;C:\Windows\system32;C:\Windows;C:\Windows\System32\Wbem;C:\Windows\System32\WindowsPowerShell\v1.0;C:\Windows\System32\OpenSSH;C:\Program Files (x86)\NVIDIA Corporation\PhysX\Common;C:\Program Files\NVIDIA Corporation\NVIDIA NvDLISR;C:\Program Files\MATLAB\R2021b\bin;C:\Program Files (x86)\Calibre2;C:\Program Files\dotnet;C:\WINDOWS\system32;C:\WINDOWS;C:\WINDOWS\System32\Wbem;C:\WINDOWS\System32\WindowsPowerShell\v1.0;C:\WINDOWS\System32\OpenSSH;C:\Program Files\Microsoft SQL Server\150\Tools\Binn;C:\Program Files\Microsoft SQL Server\Client SDK\ODBC\170\Tools\Binn;C:\Program Files\NVIDIA Corporation\Nsight Compute 2023.1.1;C:\Users\jgall\AppData\Local\Microsoft\WindowsApps;C:\Program Files\JetBrains\PyCharm Community Edition 2023.1.2\bin;C:\Program Files\JetBrains\PyCharm 2023.1.2\bin;C:\Users\jgall\AppData\Local\Programs\MiKTeX\miktex\bin\x64;C:\Users\jgall\AppData\Local\Microsoft\WindowsApps;C:\Users\jgall\AppData\Local\Programs\Microsoft VS Code\bin
USERNAME=jgall
DISPLAY=:0.0
LC_ALL=en_US.UTF-8
TERM=xterm-256color
TMPDIR=C:\Users\jgall\AppData\Local\Temp
OS=Windows_NT
PROCESSOR_IDENTIFIER=Intel64 Family 6 Model 141 Stepping 1, GenuineIntel
TMP=C:\Users\jgall\AppData\Local\Temp
TEMP=C:\Users\jgall\AppData\Local\Temp




Periodic native trim disabled

JNI global refs:
JNI global refs: 0, weak refs: 0

JNI global refs memory usage: 0, weak refs: 0

Process memory usage:
Resident Set Size: 13172K (0% of 16490316K total physical memory with 715472K free physical memory)

OOME stack traces (most recent first):
Classloader memory used:

---------------  S Y S T E M  ---------------

OS:
 Windows 11 , 64 bit Build 26100 (10.0.26100.4202)
OS uptime: 4 days 3:01 hours

CPU: total 16 (initial active 16) (8 cores per cpu, 2 threads per core) family 6 model 141 stepping 1 microcode 0x56, cx8, cmov, fxsr, ht, mmx, 3dnowpref, sse, sse2, sse3, ssse3, sse4.1, sse4.2, popcnt, lzcnt, tsc, tscinvbit, avx, avx2, aes, erms, clmul, bmi1, bmi2, adx, avx512f, avx512dq, avx512cd, avx512bw, avx512vl, sha, fma, vzeroupper, avx512_vpopcntdq, avx512_vpclmulqdq, avx512_vaes, avx512_vnni, clflush, clflushopt, clwb, avx512_vbmi2, avx512_vbmi, rdtscp, rdpid, fsrm, gfni, avx512_bitalg, f16c, pku, cet_ibt, cet_ss, avx512_ifma
Processor Information for all 16 processors :
  Max Mhz: 2496, Current Mhz: 2496, Mhz Limit: 2496

Memory: 4k page, system-wide physical 16103M (698M free)
TotalPageFile size 65255M (AvailPageFile size 122M)
current process WorkingSet (physical memory assigned to process): 12M, peak: 12M
current process commit charge ("private bytes"): 71M, peak: 322M

vm_info: OpenJDK 64-Bit Server VM (21.0.5+8-b631.16) for windows-amd64 JRE (21.0.5+8-b631.16), built on 2024-11-02 by "builduser" with MS VC++ 16.10 / 16.11 (VS2019)

END.
